<?xml version="1.0" encoding="UTF-8"?>
<!-- Generated by org.testng.reporters.JUnitReportReporter -->
<testsuite hostname="DESKTOP-M7LL3OH" failures="0" tests="1" name="Tests.HomePageTest" time="0.169" errors="0" timestamp="26 Dec 2022 16:25:18 GMT" skipped="0">
  <testcase classname="Tests.HomePageTest" name="UserCanRigster" time="0.169"/>
</testsuite> <!-- Tests.HomePageTest -->
