<?xml version="1.0" encoding="UTF-8"?>
<!-- Generated by org.testng.reporters.JUnitReportReporter -->
<testsuite hostname="DESKTOP-M7LL3OH" failures="0" tests="1" name="Tests.VirtualAuthenticatorTest" time="7.311" errors="0" timestamp="2023-01-08T16:19:57 EET" skipped="0">
  <testcase classname="Tests.VirtualAuthenticatorTest" name="sampletest" time="7.311"/>
  <system-out/>
</testsuite> <!-- Tests.VirtualAuthenticatorTest -->
